Engine::processInputQuery: Input query (before preprocessing): 205 equations, 455 variables
Engine::processInputQuery: Input query (after preprocessing): 0 equations, 0 variables

Input bounds:
	x0: [ -0.0000,  -0.0000] [FIXED]
	x1: [ -0.0000,  -0.0000] [FIXED]
	x2: [ -0.0000,  -0.0000] [FIXED]
	x3: [234.6934, 234.6934] [FIXED]
	x4: [ 72.3102,  72.3102] [FIXED]
	x5: [ -0.0000,  -0.0000] [FIXED]
	x6: [ -0.0000,  -0.0000] [FIXED]
	x7: [290.6751, 290.6751] [FIXED]
	x8: [ -0.0000,  -0.0000] [FIXED]
	x9: [145.3798, 145.3798] [FIXED]
	x10: [ 36.9724,  36.9724] [FIXED]
	x11: [ -0.0000,  -0.0000] [FIXED]
	x12: [153.3451, 153.3451] [FIXED]
	x13: [ -0.0000,  -0.0000] [FIXED]
	x14: [ -0.0000,  -0.0000] [FIXED]
	x15: [ -0.0000,  -0.0000] [FIXED]
	x16: [ -0.0000,  -0.0000] [FIXED]
	x17: [ -0.0000,  -0.0000] [FIXED]
	x18: [ -0.0000,  -0.0000] [FIXED]
	x19: [ -0.0000,  -0.0000] [FIXED]
	x20: [ -0.0000,  -0.0000] [FIXED]
	x21: [ -0.0000,  -0.0000] [FIXED]
	x22: [ -0.0000,  -0.0000] [FIXED]
	x23: [ -0.0000,  -0.0000] [FIXED]
	x24: [ 99.5090,  99.5090] [FIXED]
	x25: [ 35.4584,  35.4584] [FIXED]
	x26: [ -0.0000,  -0.0000] [FIXED]
	x27: [  9.9573,   9.9573] [FIXED]
	x28: [ -0.0000,  -0.0000] [FIXED]
	x29: [ -0.0000,  -0.0000] [FIXED]
	x30: [ -0.0000,  -0.0000] [FIXED]
	x31: [ -0.0000,  -0.0000] [FIXED]
	x32: [168.1987, 168.1987] [FIXED]
	x33: [ 87.3773,  87.3773] [FIXED]
	x34: [ -0.0000,  -0.0000] [FIXED]
	x35: [ -0.0000,  -0.0000] [FIXED]
	x36: [ -0.0000,  -0.0000] [FIXED]
	x37: [ -0.0000,  -0.0000] [FIXED]
	x38: [ -0.0000,  -0.0000] [FIXED]
	x39: [ -0.0000,  -0.0000] [FIXED]
	x40: [ -0.0000,  -0.0000] [FIXED]
	x41: [ -0.0000,  -0.0000] [FIXED]
	x42: [ -0.0000,  -0.0000] [FIXED]
	x43: [ -0.0000,  -0.0000] [FIXED]
	x44: [ -0.0000,  -0.0000] [FIXED]
	x45: [107.9531, 107.9531] [FIXED]
	x46: [ -0.0000,  -0.0000] [FIXED]
	x47: [ -0.0000,  -0.0000] [FIXED]
	x48: [ -0.0000,  -0.0000] [FIXED]
	x49: [ -0.0000,  -0.0000] [FIXED]


Engine::solve: Initial statistics

10:33:06 Statistics update:
	--- Time Statistics ---
	Total time elapsed: 20 milli (00:00:00)
		Main loop: 0 milli (00:00:00)
		Preprocessing time: 20 milli (00:00:00)
		Unknown: 0 milli (00:00:00)
	Breakdown for main loop:
		[0.00%] Simplex steps: 0 milli
		[0.00%] Explicit-basis bound tightening: 0 milli
		[0.00%] Constraint-matrix bound tightening: 0 milli
		[0.00%] Degradation checking: 0 milli
		[0.00%] Precision restoration: 0 milli
		[0.00%] Statistics handling: 0 milli
		[0.00%] Constraint-fixing steps: 0 milli
		[0.00%] Valid case splits: 0 milli. Average per split: 0.00 milli
		[0.00%] Applying stored bound-tightening: 0 milli
		[0.00%] SMT core: 0 milli
		[0.00%] Symbolic Bound Tightening: 0 milli
		[0.00%] Unaccounted for: 0 milli
	--- Preprocessor Statistics ---
	Number of preprocessor bound-tightening loop iterations: 6
	Number of eliminated variables: 655
	Number of constraints removed due to variable elimination: 200
	Number of equations removed due to variable elimination: 0
	--- Engine Statistics ---
	Number of main loop iterations: 0
		0 iterations were simplex steps. Total time: 0 milli. Average: 0.00 milli.
		0 iterations were constraint-fixing steps. Total time: 0 milli. Average: 0.00 milli
	Number of active piecewise-linear constraints: 0 / 0
		Constraints disabled by valid splits: 0. By SMT-originated splits: 0
	Last reported degradation: 0.0000000000. Max degradation so far: 0.0000000000. Restorations so far: 0
	Number of simplex pivots we attempted to skip because of instability: 0.
	Unstable pivots performed anyway: 0
	--- Tableau Statistics ---
	Total number of pivots performed: 0
		Real pivots: 0. Degenerate: 0 (0.00%)
		Degenerate pivots by request (e.g., to fix a PL constraint): 0 (0.00%)
		Average time per pivot: 0.00 milli
	Total number of fake pivots performed: 0
	Total number of rows added: 0. Number of merged columns: 0
	Current tableau dimensions: M = 0, N = 0
	--- SMT Core Statistics ---
	Total depth is 0. Total visited states: 1. Number of splits: 0. Number of pops: 0
	Max stack depth: 0
	--- Bound Tightening Statistics ---
	Number of tightened bounds: 0.
		Number of rows examined by row tightener: 0. Consequent tightenings: 0
		Number of explicit basis matrices examined by row tightener: 0. Consequent tightenings: 0
		Number of bound tightening rounds on the entire constraint matrix: 0. Consequent tightenings: 0
		Number of bound notifications sent to PL constraints: 0. Tightenings proposed: 0
	--- Basis Factorization statistics ---
	Number of basis refactorizations: 2
	--- Projected Steepest Edge Statistics ---
	Number of iterations: 0.
	Number of resets to reference space: 1. Avg. iterations per reset: 0
	--- SBT ---
	Number of tightened bounds: 0

---

Engine::solve: SAT assignment found

10:33:06 Statistics update:
	--- Time Statistics ---
	Total time elapsed: 20 milli (00:00:00)
		Main loop: 0 milli (00:00:00)
		Preprocessing time: 20 milli (00:00:00)
		Unknown: 0 milli (00:00:00)
	Breakdown for main loop:
		[0.00%] Simplex steps: 0 milli
		[0.00%] Explicit-basis bound tightening: 0 milli
		[0.00%] Constraint-matrix bound tightening: 0 milli
		[0.00%] Degradation checking: 0 milli
		[0.00%] Precision restoration: 0 milli
		[0.00%] Statistics handling: 0 milli
		[0.00%] Constraint-fixing steps: 0 milli
		[0.00%] Valid case splits: 0 milli. Average per split: 0.00 milli
		[0.00%] Applying stored bound-tightening: 0 milli
		[0.00%] SMT core: 0 milli
		[0.00%] Symbolic Bound Tightening: 0 milli
		[0.00%] Unaccounted for: 0 milli
	--- Preprocessor Statistics ---
	Number of preprocessor bound-tightening loop iterations: 6
	Number of eliminated variables: 655
	Number of constraints removed due to variable elimination: 200
	Number of equations removed due to variable elimination: 0
	--- Engine Statistics ---
	Number of main loop iterations: 1
		0 iterations were simplex steps. Total time: 0 milli. Average: 0.00 milli.
		0 iterations were constraint-fixing steps. Total time: 0 milli. Average: 0.00 milli
	Number of active piecewise-linear constraints: 0 / 0
		Constraints disabled by valid splits: 0. By SMT-originated splits: 0
	Last reported degradation: 0.0000000000. Max degradation so far: 0.0000000000. Restorations so far: 0
	Number of simplex pivots we attempted to skip because of instability: 0.
	Unstable pivots performed anyway: 0
	--- Tableau Statistics ---
	Total number of pivots performed: 0
		Real pivots: 0. Degenerate: 0 (0.00%)
		Degenerate pivots by request (e.g., to fix a PL constraint): 0 (0.00%)
		Average time per pivot: 0.00 milli
	Total number of fake pivots performed: 0
	Total number of rows added: 0. Number of merged columns: 0
	Current tableau dimensions: M = 0, N = 0
	--- SMT Core Statistics ---
	Total depth is 0. Total visited states: 1. Number of splits: 0. Number of pops: 0
	Max stack depth: 0
	--- Bound Tightening Statistics ---
	Number of tightened bounds: 0.
		Number of rows examined by row tightener: 0. Consequent tightenings: 0
		Number of explicit basis matrices examined by row tightener: 1. Consequent tightenings: 0
		Number of bound tightening rounds on the entire constraint matrix: 0. Consequent tightenings: 0
		Number of bound notifications sent to PL constraints: 0. Tightenings proposed: 0
	--- Basis Factorization statistics ---
	Number of basis refactorizations: 2
	--- Projected Steepest Edge Statistics ---
	Number of iterations: 0.
	Number of resets to reference space: 1. Avg. iterations per reset: 0
	--- SBT ---
	Number of tightened bounds: 0
